2022-06-20 15:01:05,967 CRIT Supervisor is running as root.  Privileges were not dropped because no user is specified in the config file.  If you intend to run as root, you can set user=root in the config file to avoid this message.
2022-06-20 15:01:05,967 INFO Included extra file "/etc/supervisord.d/httpd.ini" during parsing
2022-06-20 15:01:05,967 INFO Included extra file "/etc/supervisord.d/php-fpm.ini" during parsing
2022-06-20 15:01:05,967 INFO Included extra file "/etc/supervisord.d/redis.ini" during parsing
2022-06-20 15:01:05,967 INFO Included extra file "/etc/supervisord.d/varnish.ini" during parsing
2022-06-20 15:01:06,065 INFO RPC interface 'supervisor' initialized
2022-06-20 15:01:06,066 INFO RPC interface 'supervisor' initialized
2022-06-20 15:01:06,067 CRIT Server 'unix_http_server' running without any HTTP authentication checking
2022-06-20 15:01:06,067 INFO supervisord started with pid 1
2022-06-20 15:01:07,069 INFO spawned: 'httpd_00' with pid 9
2022-06-20 15:01:07,072 INFO spawned: 'redis-server_00' with pid 10
2022-06-20 15:01:07,075 INFO spawned: 'php-fpm_00' with pid 11
2022-06-20 15:01:07,078 INFO spawned: 'varnish_00' with pid 12
2022-06-20 15:01:07,592 INFO exited: httpd_00 (exit status 1; not expected)
2022-06-20 15:01:09,045 INFO spawned: 'httpd_00' with pid 240
2022-06-20 15:01:09,046 INFO success: php-fpm_00 entered RUNNING state, process has stayed up for > than 1 seconds (startsecs)
2022-06-20 15:01:09,046 INFO success: varnish_00 entered RUNNING state, process has stayed up for > than 1 seconds (startsecs)
2022-06-20 15:01:10,116 INFO success: httpd_00 entered RUNNING state, process has stayed up for > than 1 seconds (startsecs)
2022-06-20 15:01:10,116 INFO success: redis-server_00 entered RUNNING state, process has stayed up for > than 3 seconds (startsecs)
2022-06-20 15:01:13,625 WARN received SIGTERM indicating exit request
2022-06-20 15:01:13,635 INFO waiting for httpd_00, redis-server_00, php-fpm_00, varnish_00 to die
2022-06-20 15:01:14,669 INFO stopped: varnish_00 (exit status 0)
2022-06-20 15:01:14,700 INFO stopped: php-fpm_00 (exit status 0)
2022-06-20 15:01:14,798 INFO stopped: redis-server_00 (exit status 0)
2022-06-20 15:01:14,832 INFO stopped: httpd_00 (exit status 0)
2022-06-20 15:01:20,408 CRIT Supervisor is running as root.  Privileges were not dropped because no user is specified in the config file.  If you intend to run as root, you can set user=root in the config file to avoid this message.
2022-06-20 15:01:20,408 INFO Included extra file "/etc/supervisord.d/httpd.ini" during parsing
2022-06-20 15:01:20,409 INFO Included extra file "/etc/supervisord.d/php-fpm.ini" during parsing
2022-06-20 15:01:20,409 INFO Included extra file "/etc/supervisord.d/redis.ini" during parsing
2022-06-20 15:01:20,409 INFO Included extra file "/etc/supervisord.d/varnish.ini" during parsing
2022-06-20 15:01:20,462 INFO RPC interface 'supervisor' initialized
2022-06-20 15:01:20,463 INFO RPC interface 'supervisor' initialized
2022-06-20 15:01:20,463 CRIT Server 'unix_http_server' running without any HTTP authentication checking
2022-06-20 15:01:20,463 INFO supervisord started with pid 1
2022-06-20 15:01:21,466 INFO spawned: 'httpd_00' with pid 9
2022-06-20 15:01:21,468 INFO spawned: 'redis-server_00' with pid 10
2022-06-20 15:01:21,470 INFO spawned: 'php-fpm_00' with pid 11
2022-06-20 15:01:21,473 INFO spawned: 'varnish_00' with pid 12
2022-06-20 15:01:21,792 INFO exited: httpd_00 (exit status 1; not expected)
2022-06-20 15:01:22,800 INFO spawned: 'httpd_00' with pid 22
2022-06-20 15:01:22,809 INFO success: php-fpm_00 entered RUNNING state, process has stayed up for > than 1 seconds (startsecs)
2022-06-20 15:01:22,809 INFO success: varnish_00 entered RUNNING state, process has stayed up for > than 1 seconds (startsecs)
2022-06-20 15:01:24,227 INFO success: httpd_00 entered RUNNING state, process has stayed up for > than 1 seconds (startsecs)
2022-06-20 15:01:24,664 INFO success: redis-server_00 entered RUNNING state, process has stayed up for > than 3 seconds (startsecs)
2022-06-21 04:52:52,398 CRIT Supervisor is running as root.  Privileges were not dropped because no user is specified in the config file.  If you intend to run as root, you can set user=root in the config file to avoid this message.
2022-06-21 04:52:52,400 INFO Included extra file "/etc/supervisord.d/httpd.ini" during parsing
2022-06-21 04:52:52,400 INFO Included extra file "/etc/supervisord.d/php-fpm.ini" during parsing
2022-06-21 04:52:52,401 INFO Included extra file "/etc/supervisord.d/redis.ini" during parsing
2022-06-21 04:52:52,401 INFO Included extra file "/etc/supervisord.d/varnish.ini" during parsing
2022-06-21 04:52:52,638 INFO RPC interface 'supervisor' initialized
2022-06-21 04:52:52,956 INFO RPC interface 'supervisor' initialized
2022-06-21 04:52:52,956 CRIT Server 'unix_http_server' running without any HTTP authentication checking
2022-06-21 04:52:52,957 INFO supervisord started with pid 1
2022-06-21 04:52:53,966 INFO spawned: 'httpd_00' with pid 9
2022-06-21 04:52:53,969 INFO spawned: 'redis-server_00' with pid 10
2022-06-21 04:52:53,973 INFO spawned: 'php-fpm_00' with pid 11
2022-06-21 04:52:53,985 INFO spawned: 'varnish_00' with pid 12
2022-06-21 04:52:54,284 INFO exited: httpd_00 (exit status 1; not expected)
2022-06-21 04:52:55,934 INFO spawned: 'httpd_00' with pid 240
2022-06-21 04:52:55,935 INFO success: php-fpm_00 entered RUNNING state, process has stayed up for > than 1 seconds (startsecs)
2022-06-21 04:52:55,935 INFO success: varnish_00 entered RUNNING state, process has stayed up for > than 1 seconds (startsecs)
2022-06-21 04:52:56,998 INFO success: httpd_00 entered RUNNING state, process has stayed up for > than 1 seconds (startsecs)
2022-06-21 04:52:56,998 INFO success: redis-server_00 entered RUNNING state, process has stayed up for > than 3 seconds (startsecs)
2022-06-22 09:11:06,698 WARN received SIGTERM indicating exit request
2022-06-22 09:11:06,718 INFO waiting for httpd_00, redis-server_00, php-fpm_00, varnish_00 to die
2022-06-22 09:11:07,761 INFO stopped: varnish_00 (exit status 0)
2022-06-22 09:11:07,892 INFO stopped: php-fpm_00 (exit status 0)
2022-06-22 09:11:07,982 INFO stopped: redis-server_00 (exit status 0)
2022-06-22 09:11:08,093 INFO stopped: httpd_00 (exit status 0)
2022-06-22 09:11:46,320 CRIT Supervisor is running as root.  Privileges were not dropped because no user is specified in the config file.  If you intend to run as root, you can set user=root in the config file to avoid this message.
2022-06-22 09:11:46,320 INFO Included extra file "/etc/supervisord.d/httpd.ini" during parsing
2022-06-22 09:11:46,320 INFO Included extra file "/etc/supervisord.d/php-fpm.ini" during parsing
2022-06-22 09:11:46,320 INFO Included extra file "/etc/supervisord.d/redis.ini" during parsing
2022-06-22 09:11:46,320 INFO Included extra file "/etc/supervisord.d/varnish.ini" during parsing
2022-06-22 09:11:46,400 INFO RPC interface 'supervisor' initialized
2022-06-22 09:11:46,401 INFO RPC interface 'supervisor' initialized
2022-06-22 09:11:46,401 CRIT Server 'unix_http_server' running without any HTTP authentication checking
2022-06-22 09:11:46,402 INFO supervisord started with pid 1
2022-06-22 09:11:47,404 INFO spawned: 'httpd_00' with pid 8
2022-06-22 09:11:47,407 INFO spawned: 'redis-server_00' with pid 9
2022-06-22 09:11:47,413 INFO spawned: 'php-fpm_00' with pid 10
2022-06-22 09:11:47,418 INFO spawned: 'varnish_00' with pid 11
2022-06-22 09:11:48,751 INFO success: httpd_00 entered RUNNING state, process has stayed up for > than 1 seconds (startsecs)
2022-06-22 09:11:48,751 INFO success: php-fpm_00 entered RUNNING state, process has stayed up for > than 1 seconds (startsecs)
2022-06-22 09:11:48,751 INFO success: varnish_00 entered RUNNING state, process has stayed up for > than 1 seconds (startsecs)
2022-06-22 09:11:50,951 INFO success: redis-server_00 entered RUNNING state, process has stayed up for > than 3 seconds (startsecs)
2022-06-27 08:39:04,283 CRIT Supervisor is running as root.  Privileges were not dropped because no user is specified in the config file.  If you intend to run as root, you can set user=root in the config file to avoid this message.
2022-06-27 08:39:04,284 INFO Included extra file "/etc/supervisord.d/httpd.ini" during parsing
2022-06-27 08:39:04,284 INFO Included extra file "/etc/supervisord.d/php-fpm.ini" during parsing
2022-06-27 08:39:04,284 INFO Included extra file "/etc/supervisord.d/redis.ini" during parsing
2022-06-27 08:39:04,284 INFO Included extra file "/etc/supervisord.d/varnish.ini" during parsing
2022-06-27 08:39:04,348 INFO RPC interface 'supervisor' initialized
2022-06-27 08:39:04,651 INFO RPC interface 'supervisor' initialized
2022-06-27 08:39:04,651 CRIT Server 'unix_http_server' running without any HTTP authentication checking
2022-06-27 08:39:04,651 INFO supervisord started with pid 1
2022-06-27 08:39:05,670 INFO spawned: 'httpd_00' with pid 9
2022-06-27 08:39:05,672 INFO spawned: 'redis-server_00' with pid 10
2022-06-27 08:39:05,673 INFO spawned: 'php-fpm_00' with pid 11
2022-06-27 08:39:05,707 INFO spawned: 'varnish_00' with pid 12
2022-06-27 08:39:06,306 INFO exited: httpd_00 (exit status 1; not expected)
2022-06-27 08:39:06,780 INFO success: php-fpm_00 entered RUNNING state, process has stayed up for > than 1 seconds (startsecs)
2022-06-27 08:39:06,780 INFO success: varnish_00 entered RUNNING state, process has stayed up for > than 1 seconds (startsecs)
2022-06-27 08:39:07,782 INFO spawned: 'httpd_00' with pid 240
2022-06-27 08:39:08,844 INFO success: httpd_00 entered RUNNING state, process has stayed up for > than 1 seconds (startsecs)
2022-06-27 08:39:08,844 INFO success: redis-server_00 entered RUNNING state, process has stayed up for > than 3 seconds (startsecs)
